<?xml version="1.0" encoding="UTF-8"?>
<testng-results skipped="0" failed="0" ignored="0" total="3" passed="3">
  <reporter-output>
  </reporter-output>
  <suite name="Default suite" duration-ms="64702" started-at="2018-08-08T21:17:55Z" finished-at="2018-08-08T21:18:59Z">
    <groups>
    </groups>
    <test name="Default test" duration-ms="64702" started-at="2018-08-08T21:17:55Z" finished-at="2018-08-08T21:18:59Z">
      <class name="com.servicenow.test.BranchTest">
        <test-method status="PASS" signature="initiateData()[pri:0, instance:com.servicenow.test.BranchTest@28d25987]" name="initiateData" is-config="true" duration-ms="416" started-at="2018-08-08T23:17:54Z" finished-at="2018-08-08T23:17:55Z">
          <reporter-output>
          </reporter-output>
        </test-method> <!-- initiateData -->
        <test-method status="PASS" signature="startDriver(java.lang.String, java.lang.String)[pri:0, instance:com.servicenow.test.BranchTest@28d25987]" name="startDriver" is-config="true" duration-ms="2830" started-at="2018-08-08T23:17:55Z" finished-at="2018-08-08T23:17:58Z">
          <params>
            <param index="0">
              <value>
                <![CDATA[firefox]]>
              </value>
            </param>
            <param index="1">
              <value>
                <![CDATA[http://127.0.0.1:8080/#/]]>
              </value>
            </param>
          </params>
          <reporter-output>
          </reporter-output>
        </test-method> <!-- startDriver -->
        <test-method status="PASS" signature="init()[pri:0, instance:com.servicenow.test.BranchTest@28d25987]" name="init" is-config="true" duration-ms="49" started-at="2018-08-08T23:17:58Z" finished-at="2018-08-08T23:17:58Z">
          <reporter-output>
          </reporter-output>
        </test-method> <!-- init -->
        <test-method status="PASS" signature="adminLogin()[pri:1, instance:com.servicenow.test.BranchTest@28d25987]" name="adminLogin" duration-ms="561" started-at="2018-08-08T23:17:58Z" finished-at="2018-08-08T23:17:58Z">
          <reporter-output>
          </reporter-output>
        </test-method> <!-- adminLogin -->
        <test-method status="PASS" signature="screeshotOnFailure(org.testng.ITestResult)[pri:0, instance:com.servicenow.test.BranchTest@28d25987]" name="screeshotOnFailure" is-config="true" duration-ms="0" started-at="2018-08-08T23:17:58Z" finished-at="2018-08-08T23:17:58Z">
          <params>
            <param index="0">
              <value>
                <![CDATA[[TestResult name=adminLogin status=SUCCESS method=BranchTest.adminLogin()[pri:1, instance:com.servicenow.test.BranchTest@28d25987] output={null}]]]>
              </value>
            </param>
          </params>
          <reporter-output>
          </reporter-output>
        </test-method> <!-- screeshotOnFailure -->
        <test-method status="PASS" signature="checkBranchesAreEmpty()[pri:2, instance:com.servicenow.test.BranchTest@28d25987]" name="checkBranchesAreEmpty" duration-ms="60393" started-at="2018-08-08T23:17:58Z" finished-at="2018-08-08T23:18:59Z">
          <reporter-output>
          </reporter-output>
        </test-method> <!-- checkBranchesAreEmpty -->
        <test-method status="PASS" signature="addNewBranch()[pri:3, instance:com.servicenow.test.BranchTest@28d25987]" name="addNewBranch" duration-ms="650" started-at="2018-08-08T23:18:59Z" finished-at="2018-08-08T23:18:59Z">
          <reporter-output>
          </reporter-output>
        </test-method> <!-- addNewBranch -->
        <test-method status="PASS" signature="screeshotOnFailure(org.testng.ITestResult)[pri:0, instance:com.servicenow.test.BranchTest@28d25987]" name="screeshotOnFailure" is-config="true" duration-ms="0" started-at="2018-08-08T23:18:59Z" finished-at="2018-08-08T23:18:59Z">
          <params>
            <param index="0">
              <value>
                <![CDATA[[TestResult name=checkBranchesAreEmpty status=SUCCESS method=BranchTest.checkBranchesAreEmpty()[pri:2, instance:com.servicenow.test.BranchTest@28d25987] output={null}]]]>
              </value>
            </param>
          </params>
          <reporter-output>
          </reporter-output>
        </test-method> <!-- screeshotOnFailure -->
        <test-method status="PASS" signature="stopDriver()[pri:0, instance:com.servicenow.test.BranchTest@28d25987]" name="stopDriver" is-config="true" duration-ms="196" started-at="2018-08-08T23:18:59Z" finished-at="2018-08-08T23:18:59Z">
          <reporter-output>
          </reporter-output>
        </test-method> <!-- stopDriver -->
        <test-method status="PASS" signature="screeshotOnFailure(org.testng.ITestResult)[pri:0, instance:com.servicenow.test.BranchTest@28d25987]" name="screeshotOnFailure" is-config="true" duration-ms="0" started-at="2018-08-08T23:18:59Z" finished-at="2018-08-08T23:18:59Z">
          <params>
            <param index="0">
              <value>
                <![CDATA[[TestResult name=addNewBranch status=SUCCESS method=BranchTest.addNewBranch()[pri:3, instance:com.servicenow.test.BranchTest@28d25987] output={null}]]]>
              </value>
            </param>
          </params>
          <reporter-output>
          </reporter-output>
        </test-method> <!-- screeshotOnFailure -->
      </class> <!-- com.servicenow.test.BranchTest -->
    </test> <!-- Default test -->
  </suite> <!-- Default suite -->
</testng-results>
