<?xml version="1.0" encoding="UTF-8"?>
<!-- Generated by org.testng.reporters.JUnitXMLReporter -->
<testsuite hostname="Ayas-MacBook-Pro.local" ignored="0" name="Default test" tests="3" failures="0" timestamp="08 Aug 2018 21:18:59 GMT" time="64.702" errors="0">
  <testcase name="adminLogin" time="0.561" classname="com.servicenow.test.BranchTest"/>
  <testcase name="checkBranchesAreEmpty" time="60.393" classname="com.servicenow.test.BranchTest"/>
  <testcase name="addNewBranch" time="0.65" classname="com.servicenow.test.BranchTest"/>
</testsuite> <!-- Default test -->
